<?xml version="1.0" encoding="UTF-8"?>
<!-- Generated by org.testng.reporters.JUnitReportReporter -->
<testsuite hostname="DESKTOP-0FMQR27" failures="0" tests="1" name="com.magento.testPages.LandingPageTest" time="48.271" errors="0" timestamp="2023-02-22T10:13:02 IST" skipped="0">
  <testcase classname="com.magento.testPages.LandingPageTest" name="clickOnSignIN" time="48.271"/>
  <system-out/>
</testsuite> <!-- com.magento.testPages.LandingPageTest -->
