<?xml version="1.0" encoding="UTF-8"?>
<!-- Generated by org.testng.reporters.JUnitReportReporter -->
<testsuite skipped="0" hostname="DESKTOP-0FMQR27" name="com.magento.testPages.LandingPageTest" tests="1" failures="0" timestamp="2023-02-22T23:34:17 IST" time="1.248" errors="0">
  <testcase name="clickOnSignIN" time="1.248" classname="com.magento.testPages.LandingPageTest"/>
  <system-out/>
</testsuite> <!-- com.magento.testPages.LandingPageTest -->
